7/02/22 10:01:42 FATAL namenode.NNThroughputBenchmark: Log level = ERROR
17/02/22 10:01:42 INFO namenode.NNThroughputBenchmark: Daniar 4 : numThreads 2048
17/02/22 10:01:42 INFO namenode.NNThroughputBenchmark: Starting 1 blockReport(s).
17/02/22 10:01:42 INFO namenode.NNThroughputBenchmark: --- 1 datanodes  ---
17/02/22 10:01:42 INFO namenode.NNThroughputBenchmark: --- blockReport stats  ---
17/02/22 10:01:42 INFO namenode.NNThroughputBenchmark: # operations: 1
17/02/22 10:01:42 INFO namenode.NNThroughputBenchmark: Elapsed Time: 10
17/02/22 10:01:42 INFO namenode.NNThroughputBenchmark:  Ops per sec: 100.0
17/02/22 10:01:42 INFO namenode.NNThroughputBenchmark: Average Time: 10
17/02/22 10:01:42 INFO namenode.NNThroughputBenchmark: Starting 1 blockReport(s).
17/02/22 10:01:42 INFO namenode.NNThroughputBenchmark: --- 2 datanodes  ---
17/02/22 10:01:42 INFO namenode.NNThroughputBenchmark: --- blockReport stats  ---
17/02/22 10:01:42 INFO namenode.NNThroughputBenchmark: # operations: 1
17/02/22 10:01:42 INFO namenode.NNThroughputBenchmark: Elapsed Time: 5
17/02/22 10:01:42 INFO namenode.NNThroughputBenchmark:  Ops per sec: 200.0
17/02/22 10:01:42 INFO namenode.NNThroughputBenchmark: Average Time: 5
17/02/22 10:01:42 INFO namenode.NNThroughputBenchmark: Starting 1 blockReport(s).
17/02/22 10:01:42 INFO namenode.NNThroughputBenchmark: --- 4 datanodes  ---
17/02/22 10:01:42 INFO namenode.NNThroughputBenchmark: --- blockReport stats  ---
17/02/22 10:01:42 INFO namenode.NNThroughputBenchmark: # operations: 1
17/02/22 10:01:42 INFO namenode.NNThroughputBenchmark: Elapsed Time: 6
17/02/22 10:01:42 INFO namenode.NNThroughputBenchmark:  Ops per sec: 166.66666666666666
17/02/22 10:01:42 INFO namenode.NNThroughputBenchmark: Average Time: 5
17/02/22 10:01:42 INFO namenode.NNThroughputBenchmark: Starting 1 blockReport(s).
17/02/22 10:01:42 INFO namenode.NNThroughputBenchmark: --- 8 datanodes  ---
17/02/22 10:01:42 INFO namenode.NNThroughputBenchmark: --- blockReport stats  ---
17/02/22 10:01:42 INFO namenode.NNThroughputBenchmark: # operations: 1
17/02/22 10:01:42 INFO namenode.NNThroughputBenchmark: Elapsed Time: 6
17/02/22 10:01:42 INFO namenode.NNThroughputBenchmark:  Ops per sec: 166.66666666666666
17/02/22 10:01:42 INFO namenode.NNThroughputBenchmark: Average Time: 6
17/02/22 10:01:42 INFO namenode.NNThroughputBenchmark: Starting 1 blockReport(s).
17/02/22 10:01:42 INFO namenode.NNThroughputBenchmark: --- 16 datanodes  ---
17/02/22 10:01:42 INFO namenode.NNThroughputBenchmark: --- blockReport stats  ---
17/02/22 10:01:42 INFO namenode.NNThroughputBenchmark: # operations: 1
17/02/22 10:01:42 INFO namenode.NNThroughputBenchmark: Elapsed Time: 7
17/02/22 10:01:42 INFO namenode.NNThroughputBenchmark:  Ops per sec: 142.85714285714286
17/02/22 10:01:42 INFO namenode.NNThroughputBenchmark: Average Time: 6
17/02/22 10:01:42 INFO namenode.NNThroughputBenchmark: Starting 1 blockReport(s).
17/02/22 10:01:42 INFO namenode.NNThroughputBenchmark: --- 32 datanodes  ---
17/02/22 10:01:42 INFO namenode.NNThroughputBenchmark: --- blockReport stats  ---
17/02/22 10:01:42 INFO namenode.NNThroughputBenchmark: # operations: 1
17/02/22 10:01:42 INFO namenode.NNThroughputBenchmark: Elapsed Time: 6
17/02/22 10:01:42 INFO namenode.NNThroughputBenchmark:  Ops per sec: 166.66666666666666
17/02/22 10:01:42 INFO namenode.NNThroughputBenchmark: Average Time: 6
17/02/22 10:01:42 INFO namenode.NNThroughputBenchmark: Starting 1 blockReport(s).
17/02/22 10:01:42 INFO namenode.NNThroughputBenchmark: --- 64 datanodes  ---
17/02/22 10:01:42 INFO namenode.NNThroughputBenchmark: --- blockReport stats  ---
17/02/22 10:01:42 INFO namenode.NNThroughputBenchmark: # operations: 1
17/02/22 10:01:42 INFO namenode.NNThroughputBenchmark: Elapsed Time: 7
17/02/22 10:01:42 INFO namenode.NNThroughputBenchmark:  Ops per sec: 142.85714285714286
17/02/22 10:01:42 INFO namenode.NNThroughputBenchmark: Average Time: 4
17/02/22 10:01:42 INFO namenode.NNThroughputBenchmark: Starting 1 blockReport(s).
17/02/22 10:01:42 INFO namenode.NNThroughputBenchmark: --- 128 datanodes  ---
17/02/22 10:01:42 INFO namenode.NNThroughputBenchmark: --- blockReport stats  ---
17/02/22 10:01:42 INFO namenode.NNThroughputBenchmark: # operations: 1
17/02/22 10:01:42 INFO namenode.NNThroughputBenchmark: Elapsed Time: 13
17/02/22 10:01:42 INFO namenode.NNThroughputBenchmark:  Ops per sec: 76.92307692307692
17/02/22 10:01:42 INFO namenode.NNThroughputBenchmark: Average Time: 5
17/02/22 10:01:42 INFO namenode.NNThroughputBenchmark: Starting 1 blockReport(s).
17/02/22 10:01:42 INFO namenode.NNThroughputBenchmark: --- 256 datanodes  ---
17/02/22 10:01:42 INFO namenode.NNThroughputBenchmark: --- blockReport stats  ---
17/02/22 10:01:42 INFO namenode.NNThroughputBenchmark: # operations: 1
17/02/22 10:01:42 INFO namenode.NNThroughputBenchmark: Elapsed Time: 29
17/02/22 10:01:42 INFO namenode.NNThroughputBenchmark:  Ops per sec: 34.48275862068966
17/02/22 10:01:42 INFO namenode.NNThroughputBenchmark: Average Time: 4
17/02/22 10:01:42 INFO namenode.NNThroughputBenchmark: Starting 1 blockReport(s).
17/02/22 10:01:42 INFO namenode.NNThroughputBenchmark: --- 512 datanodes  ---
17/02/22 10:01:42 INFO namenode.NNThroughputBenchmark: --- blockReport stats  ---
17/02/22 10:01:42 INFO namenode.NNThroughputBenchmark: # operations: 1
17/02/22 10:01:42 INFO namenode.NNThroughputBenchmark: Elapsed Time: 64
17/02/22 10:01:42 INFO namenode.NNThroughputBenchmark:  Ops per sec: 15.625
17/02/22 10:01:42 INFO namenode.NNThroughputBenchmark: Average Time: 5
17/02/22 10:01:42 INFO namenode.NNThroughputBenchmark: Starting 1 blockReport(s).
17/02/22 10:01:42 INFO namenode.NNThroughputBenchmark: --- 1024 datanodes  ---
17/02/22 10:01:42 INFO namenode.NNThroughputBenchmark: --- blockReport stats  ---
17/02/22 10:01:42 INFO namenode.NNThroughputBenchmark: # operations: 1
17/02/22 10:01:42 INFO namenode.NNThroughputBenchmark: Elapsed Time: 123
17/02/22 10:01:42 INFO namenode.NNThroughputBenchmark:  Ops per sec: 8.130081300813009
17/02/22 10:01:42 INFO namenode.NNThroughputBenchmark: Average Time: 1
17/02/22 10:01:42 INFO namenode.NNThroughputBenchmark: Starting 1 blockReport(s).
17/02/22 10:01:42 INFO namenode.NNThroughputBenchmark: --- 2048 datanodes  ---
17/02/22 10:01:42 INFO namenode.NNThroughputBenchmark: --- blockReport stats  ---
17/02/22 10:01:42 INFO namenode.NNThroughputBenchmark: # operations: 1
17/02/22 10:01:42 INFO namenode.NNThroughputBenchmark: Elapsed Time: 265
17/02/22 10:01:42 INFO namenode.NNThroughputBenchmark:  Ops per sec: 3.7735849056603774
17/02/22 10:01:42 INFO namenode.NNThroughputBenchmark: Average Time: 1
17/02/22 10:01:42 INFO namenode.NNThroughputBenchmark: Everything done!
17/02/22 10:01:46 INFO namenode.NNThroughputBenchmark:
17/02/22 10:01:46 INFO namenode.NNThroughputBenchmark: --- blockReport inputs ---
17/02/22 10:01:46 INFO namenode.NNThroughputBenchmark: reports = 1
17/02/22 10:01:46 INFO namenode.NNThroughputBenchmark: datanodes = 2048 (1000, 1000, 1000, 985, 953, 982, 1000, 1000, 1000, 1000, 1000, 933, 967, 1000, 1000, 1000, 1000, 1000, 1000, 1000, 960, 1000, 982, 1000, 978, 1000, 987, 956, 1000, 1000, 982, 1000, 1000, 956, 1000, 1000, 954, 1000, 1000, 1000, 990, 991, 1000, 1000, 1000, 993, 991, 1000, 1000, 912, 959, 1000, 1000, 995, 1000, 981, 1000, 993, 1000, 1000, 995, 1000, 970, 1000, 1000, 972, 938, 1000, 1000, 1000, 962, 971, 962, 979, 1000, 967, 974, 1000, 1000, 1000, 996, 970, 1000, 1000, 981, 1000, 1000, 1000, 986, 1000, 995, 1000, 1000, 928, 981, 991, 980, 1000, 1000, 1000, 930, 901, 1000, 996, 971, 1000, 1000, 998, 969, 973, 965, 1000, 962, 985, 1000, 1000, 960, 998, 1000, 981, 988, 953, 1000, 1000, 1000, 965, 945, 970, 1000, 1000, 1000, 958, 994, 1000, 1000, 964, 995, 1000, 1000, 1000, 1000, 979, 1000, 1000, 991, 1000, 1000, 1000, 946, 977, 988, 926, 1000, 1000, 983, 1000, 1000, 1000, 962, 1000, 1000, 994, 957, 976, 998, 994, 995, 991, 948, 997, 1000, 989, 980, 997, 1000, 947, 926, 939, 981, 1000, 992, 977, 960, 934, 978, 1000, 969, 986, 1000, 1000, 1000, 1000, 1000, 982, 996, 1000, 981, 1000, 1000, 1000, 1000, 987, 949, 984, 992, 1000, 944, 1000, 1000, 997, 990, 982, 967, 987, 992, 966, 1000, 1000, 1000, 1000, 991, 1000, 1000, 1000, 957, 998, 943, 1000, 976, 991, 988, 982, 990, 1000, 1000, 976, 991, 953, 977, 1000, 948, 988, 983, 957, 977, 1000, 937, 968, 967, 967, 1000, 953, 975, 1000, 993, 988, 1000, 1000, 991, 1000, 981, 1000, 1000, 1000, 981, 1000, 1000, 1000, 1000, 1000, 1000, 985, 958, 987, 1000, 964, 1000, 1000, 1000, 935, 1000, 977, 991, 975, 1000, 991, 1000, 966, 962, 994, 995, 990, 978, 981, 927, 1000, 997, 978, 1000, 1000, 1000, 993, 1000, 975, 1000, 1000, 993, 929, 985, 935, 966, 1000, 1000, 995, 1000, 1000, 1000, 971, 991, 1000, 943, 1000, 977, 1000, 992, 984, 1000, 1000, 1000, 948, 1000, 1000, 1000, 967, 1000, 986, 935, 1000, 995, 1000, 978, 1000, 1000, 1000, 991, 1000, 969, 978, 980, 1000, 973, 977, 976, 971, 931, 979, 975, 985, 1000, 1000, 1000, 1000, 956, 1000, 1000, 988, 1000, 1000, 1000, 1000, 1000, 1000, 995, 1000, 1000, 1000, 1000, 973, 1000, 946, 1000, 1000, 982, 1000, 987, 981, 1000, 1000, 1000, 1000, 988, 969, 979, 977, 981, 981, 1000, 1000, 954, 1000, 971, 971, 948, 982, 1000, 988, 965, 961, 1000, 1000, 998, 983, 944, 954, 1000, 1000, 1000, 998, 1000, 973, 1000, 999, 1000, 970, 951, 1000, 1000, 979, 984, 883, 1000, 1000, 1000, 946, 963, 1000, 976, 1000, 1000, 989, 980, 1000, 1000, 976, 1000, 1000, 998, 1000, 1000, 989, 977, 987, 1000, 983, 981, 1000, 977, 1000, 1000, 984, 1000, 1000, 1000, 989, 1000, 993, 1000, 1000, 1000, 1000, 1000, 997, 1000, 1000, 1000, 978, 1000, 1000, 960, 988, 979, 1000, 973, 986, 1000, 959, 997, 982, 948, 1000, 1000, 1000, 1000, 992, 1000, 1000, 991, 992, 1000, 1000, 989, 998, 1000, 1000, 1000, 954, 1000, 1000, 1000, 1000, 972, 997, 1000, 1000, 1000, 968, 982, 949, 1000, 1000, 1000, 994, 992, 1000, 941, 1000, 1000, 986, 1000, 986, 1000, 1000, 937, 1000, 1000, 929, 977, 1000, 965, 1000, 1000, 1000, 1000, 980, 1000, 1000, 1000, 996, 1000, 1000, 1000, 1000, 1000, 1000, 1000, 992, 1000, 995, 1000, 999, 1000, 1000, 1000, 987, 993, 976, 997, 1000, 1000, 959, 989, 1000, 1000, 988, 1000, 973, 1000, 1000, 1000, 991, 982, 969, 1000, 1000, 991, 1000, 1000, 1000, 984, 984, 1000, 1000, 984, 987, 950, 1000, 992, 1000, 1000, 959, 999, 992, 1000, 1000, 984, 976, 951, 983, 948, 933, 1000, 1000, 989, 1000, 970, 958, 1000, 1000, 1000, 1000, 1000, 975, 981, 967, 1000, 974, 1000, 983, 1000, 987, 942, 955, 952, 1000, 1000, 1000, 974, 959, 977, 977, 976, 930, 962, 1000, 978, 1000, 984, 1000, 974, 979, 1000, 978, 1000, 1000, 955, 1000, 1000, 1000, 929, 1000, 1000, 1000, 979, 1000, 1000, 1000, 991, 1000, 976, 1000, 956, 990, 941, 1000, 941, 1000, 988, 1000, 986, 1000, 1000, 1000, 955, 976, 982, 968, 1000, 1000, 1000, 1000, 1000, 1000, 1000, 1000, 981, 1000, 998, 960, 1000, 993, 1000, 953, 1000, 1000, 975, 1000, 1000, 985, 982, 1000, 990, 1000, 999, 1000, 1000, 1000, 970, 1000, 985, 996, 1000, 995, 953, 1000, 958, 1000, 998, 1000, 1000, 991, 1000, 1000, 1000, 1000, 953, 1000, 992, 970, 1000, 954, 1000, 992, 1000, 1000, 975, 962, 1000, 1000, 1000, 973, 989, 1000, 986, 989, 974, 969, 1000, 1000, 994, 1000, 1000, 961, 941, 976, 995, 965, 1000, 1000, 1000, 1000, 963, 965, 1000, 1000, 928, 1000, 982, 972, 994, 933, 1000, 960, 1000, 981, 1000, 997, 1000, 953, 1000, 958, 955, 982, 1000, 1000, 1000, 973, 1000, 1000, 983, 1000, 1000, 979, 1000, 967, 1000, 1000, 1000, 1000, 1000, 1000, 1000, 992, 1000, 1000, 1000, 979, 971, 966, 984, 926, 1000, 971, 972, 976, 1000, 973, 986, 1000, 999, 1000, 969, 947, 1000, 1000, 981, 1000, 985, 1000, 991, 1000, 1000, 989, 973, 982, 956, 971, 960, 1000, 984, 1000, 993, 982, 973, 1000, 984, 991, 1000, 1000, 988, 1000, 983, 967, 976, 990, 978, 1000, 1000, 1000, 1000, 1000, 1000, 964, 983, 1000, 994, 1000, 983, 969, 1000, 983, 993, 961, 1000, 1000, 1000, 1000, 989, 1000, 998, 981, 1000, 999, 1000, 1000, 998, 1000, 998, 1000, 974, 953, 949, 982, 1000, 954, 964, 970, 1000, 1000, 1000, 1000, 955, 1000, 957, 977, 993, 1000, 1000, 1000, 1000, 1000, 998, 1000, 978, 949, 972, 969, 968, 976, 1000, 1000, 1000, 1000, 995, 1000, 1000, 1000, 1000, 1000, 967, 969, 1000, 968, 1000, 1000, 1000, 976, 987, 1000, 1000, 989, 1000, 1000, 983, 951, 961, 999, 971, 1000, 1000, 1000, 998, 1000, 1000, 1000, 927, 958, 1000, 1000, 1000, 963, 987, 999, 965, 989, 1000, 1000, 962, 1000, 969, 1000, 1000, 962, 1000, 1000, 997, 976, 1000, 979, 993, 1000, 993, 991, 1000, 987, 1000, 920, 1000, 1000, 981, 1000, 995, 965, 939, 991, 985, 1000, 994, 968, 970, 957, 972, 1000, 1000, 927, 1000, 1000, 1000, 1000, 973, 1000, 1000, 993, 969, 1000, 990, 970, 996, 1000, 1000, 1000, 1000, 965, 963, 1000, 989, 988, 1000, 1000, 1000, 981, 960, 981, 999, 1000, 969, 1000, 950, 1000, 1000, 1000, 1000, 1000, 1000, 1000, 964, 1000, 1000, 986, 995, 1000, 1000, 999, 1000, 964, 932, 982, 1000, 941, 991, 985, 997, 961, 986, 985, 980, 1000, 1000, 1000, 959, 970, 979, 1000, 1000, 1000, 1000, 983, 981, 959, 1000, 992, 1000, 968, 997, 939, 1000, 1000, 987, 1000, 1000, 1000, 1000, 988, 955, 1000, 944, 967, 954, 962, 990, 1000, 1000, 966, 999, 994, 1000, 964, 958, 997, 1000, 968, 1000, 1000, 988, 990, 1000, 1000, 948, 957, 1000, 989, 974, 1000, 993, 989, 993, 1000, 982, 1000, 991, 1000, 1000, 1000, 976, 1000, 981, 1000, 1000, 1000, 1000, 989, 983, 1000, 1000, 1000, 980, 1000, 997, 1000, 965, 981, 981, 979, 964, 992, 988, 1000, 999, 983, 1000, 980, 1000, 998, 974, 1000, 1000, 988, 989, 1000, 1000, 1000, 1000, 1000, 944, 962, 993, 942, 999, 966, 970, 1000, 979, 1000, 942, 959, 1000, 1000, 1000, 953, 973, 1000, 1000, 988, 1000, 987, 968, 993, 997, 983, 1000, 1000, 1000, 999, 968, 1000, 1000, 943, 999, 974, 991, 968, 1000, 975, 1000, 1000, 1000, 944, 1000, 952, 1000, 1000, 972, 1000, 981, 1000, 961, 1000, 985, 1000, 950, 967, 1000, 974, 1000, 1000, 1000, 971, 1000, 1000, 993, 969, 974, 959, 977, 1000, 973, 1000, 994, 1000, 1000, 978, 1000, 1000, 1000, 1000, 1000, 939, 1000, 1000, 1000, 1000, 974, 1000, 1000, 1000, 991, 986, 964, 953, 1000, 999, 999, 1000, 964, 971, 1000, 998, 1000, 1000, 984, 985, 1000, 988, 1000, 1000, 958, 996, 1000, 974, 992, 989, 1000, 1000, 970, 980, 1000, 988, 991, 988, 1000, 998, 946, 1000, 989, 1000, 1000, 1000, 1000, 1000, 1000, 1000, 994, 1000, 1000, 1000, 953, 1000, 950, 1000, 969, 1000, 1000, 966, 991, 1000, 964, 1000, 968, 1000, 1000, 979, 1000, 986, 1000, 1000, 1000, 988, 1000, 950, 994, 1000, 971, 954, 978, 1000, 1000, 1000, 1000, 980, 999, 1000, 1000, 1000, 1000, 962, 999, 964, 1000, 950, 1000, 1000, 1000, 999, 949, 974, 1000, 1000, 910, 1000, 1000, 977, 1000, 984, 1000, 1000, 1000, 1000, 986, 981, 1000, 1000, 995, 968, 971, 948, 1000, 969, 1000, 940, 1000, 1000, 920, 1000, 1000, 997, 1000, 1000, 964, 963, 1000, 1000, 952, 1000, 933, 1000, 968, 995, 1000, 1000, 960, 1000, 1000, 947, 1000, 1000, 995, 1000, 942, 980, 975, 980, 1000, 1000, 988, 948, 992, 1000, 934, 1000, 1000, 998, 983, 995, 985, 973, 966, 1000, 1000, 1000, 953, 975, 963, 1000, 992, 1000, 961, 984, 1000, 961, 947, 1000, 976, 1000, 1000, 986, 967, 978, 1000, 1000, 975, 1000, 992, 1000, 967, 1000, 1000, 964, 1000, 1000, 985, 987, 1000, 982, 1000, 1000, 1000, 959, 988, 956, 989, 941, 1000, 1000, 1000, 1000, 1000, 987, 969, 1000, 991, 953, 936, 988, 985, 993, 1000, 980, 969, 964, 971, 1000, 1000, 999, 966, 1000, 987, 956, 1000, 1000, 1000, 994, 1000, 959, 1000, 963, 1000, 911, 1000, 974, 956, 1000, 1000, 995, 1000, 953, 1000, 1000, 1000, 964, 1000, 972, 933, 1000, 974, 973, 987, 965, 1000, 1000, 1000, 1000, 1000, 1000, 975, 1000, 950, 1000, 1000, 1000, 1000, 1000, 1000, 1000, 967, 1000, 1000, 1000, 993, 999, 1000, 986, 972, 1000, 997, 1000, 992, 1000, 971, 1000, 986, 1000, 969, 934, 1000, 986, 1000, 936, 1000, 940, 1000, 1000, 987, 982, 1000, 997, 1000, 1000, 1000, 983, 998, 1000, 974, 1000, 1000, 983, 997, 1000, 999, 1000, 985, 1000, 1000, 1000, 1000, 998, 1000, 967, 1000, 1000, 973, 1000, 979, 963, 1000, 959, 999, 1000, 1000, 962, 970, 987, 995, 984, 983, 990, 1000, 958, 1000, 1000, 1000, 973, 987, 1000, 1000, 980, 1000, 991, 1000, 1000, 962, 1000, 966, 1000, 1000, 990, 978, 1000, 983, 1000, 980, 996, 964, 1000, 995, 971, 1000, 979, 1000, 1000, 1000, 1000, 1000, 1000, 940, 1000, 945, 1000, 1000, 1000, 966, 1000, 1000, 1000, 1000, 942, 976, 1000, 992, 999, 1000, 1000, 951, 934, 1000, 1000, 965, 1000, 987, 979, 945, 976, 1000, 978, 934, 1000, 984, 1000, 1000, 982, 989, 1000, 995, 957, 1000, 976, 986, 970, 980, 1000, 1000, 1000, 960, 1000, 993, 1000, 990, 1000, 1000, 975, 939, 961, 973, 977, 1000, 1000, 1000, 1000, 1000, 1000, 1000, 1000, 1000, 1000, 1000, 988, 968, 998, 988, 1000, 1000, 960, 1000, 1000, 951, 954, 1000, 989, 1000, 1000, 980, 1000, 1000, 1000, 1000, 998, 1000, 966, 1000, 1000, 1000, 1000, 1000, 973, 1000, 1000, 969, 998, 1000, 995, 1000, 1000, 1000, 1000, 1000, 979, 1000, 987, 931, 1000, 966, 925, 990, 953, 1000, 994, 971, 972, 993, 1000, 1000, 1000, 993, 954, 1000, 1000, 979, 1000, 986, 1000, 1000, 1000, 986, 1000, 1000, 999, 1000, 1000, 1000, 1000, 992, 970, 1000, 1000, 970, 1000, 986, 956, 996, 1000, 1000, 1000, 1000, 1000, 1000, 957, 1000, 1000, 1000, 960, 1000, 1000, 979, 1000, 1000, 967, 979, 950, 998, 992, 1000, 1000, 988, 1000, 1000, 982, 1000, 1000, 993, 942, 1000, 1000, 986, 1000, 996, 1000, 1000, 1000, 999, 1000, 1000, 962, 1000, 1000, 1000, 972, 1000, 986, 976, 957, 1000, 995, 982, 994, 1000, 1000, 935, 989, 1000, 999, 1000, 977, 1000, 935, 999, 979, 1000, 988, 955, 990, 998, 1000, 1000, 1000, 991, 988, 996, 1000, 1000, 1000, 965, 1000, 1000, 980, 982, 986, 973, 996, 981, 987, 971, 968, 1000, 985, 1000, 995, 1000, 1000, 1000, 990, 1000, 946, 1000, 1000, 995, 972, 964, 980, 973, 1000, 963, 960, 1000, 1000, 990, 1000, 943, 982, 949, 1000, 986, 1000, 978, 942, 971, 961, 987, 1000, 1000, 975, 984, 1000, 989, 1000, 1000, 999, 970, 1000, 1000, 993, 989, 1000, 1000, 931, 972, 976, 981, 962, 996, 1000, 1000, 1000, 978, 1000, 991, 950, 1000, 981, 1000, 975, 993, 984, 996, 1000, 1000, 1000, 993, 1000, 971, 942, 1000, 1000, 966, 1000, 985, 1000, 1000, 1000, 944, 979, 1000, 1000, 1000, 1000, 998, 961, 966, 1000, 963, 1000, 1000, 1000, 999, 985, 993, 1000, 997, 964, 1000, 968, 982, 1000, 1000, 961, 984, 984, 1000, 973, 1000, 989, 967, 953, 992, 991, 986, 995, 998, 941, 958, 959)
17/02/22 10:01:46 INFO namenode.NNThroughputBenchmark: blocksPerReport = 1000
17/02/22 10:01:46 INFO namenode.NNThroughputBenchmark: blocksPerFile = 1
17/02/22 10:01:46 INFO namenode.NNThroughputBenchmark: --- blockReport stats  ---
17/02/22 10:01:46 INFO namenode.NNThroughputBenchmark: # operations: 1
17/02/22 10:01:46 INFO namenode.NNThroughputBenchmark: Elapsed Time: 265
17/02/22 10:01:46 INFO namenode.NNThroughputBenchmark:  Ops per sec: 3.7735849056603774
17/02/22 10:01:46 INFO namenode.NNThroughputBenchmark: Average Time: 1
17/02/22 10:01:46 INFO mortbay.log: Stopped SelectChannelConnector@0.0.0.0:50070